<?xml version="1.0" encoding="UTF-8"?>
<!-- Generated by org.testng.reporters.JUnitXMLReporter -->
<testsuite hostname="DESKTOP-QTFQ6AF" name="Default test" tests="1" failures="0" timestamp="19 Aug 2017 15:31:15 GMT" time="0.031" errors="0">
  <testcase name="@BeforeSuite setup" time="0.0" classname="com.rodan.test.RodanLoginPage">
    <failure type="java.util.MissingResourceException" message="Can&amp;apos;t find bundle for base name conf, locale en_IN">
      <![CDATA[java.util.MissingResourceException: Can't find bundle for base name conf, locale en_IN
	at java.util.ResourceBundle.throwMissingResourceException(Unknown Source)
	at java.util.ResourceBundle.getBundleImpl(Unknown Source)
	at java.util.ResourceBundle.getBundle(Unknown Source)
	at com.rodan.commanmethods.GetDataProperties.getdata(GetDataProperties.java:10)
	at com.rodan.base.BaseClass.setup(BaseClass.java:33)
	at sun.reflect.NativeMethodAccessorImpl.invoke0(Native Method)
	at sun.reflect.NativeMethodAccessorImpl.invoke(Unknown Source)
	at sun.reflect.DelegatingMethodAccessorImpl.invoke(Unknown Source)
	at java.lang.reflect.Method.invoke(Unknown Source)
	at org.testng.internal.MethodInvocationHelper.invokeMethod(MethodInvocationHelper.java:86)
	at org.testng.internal.Invoker.invokeConfigurationMethod(Invoker.java:514)
	at org.testng.internal.Invoker.invokeConfigurations(Invoker.java:215)
	at org.testng.internal.Invoker.invokeConfigurations(Invoker.java:142)
	at org.testng.SuiteRunner.privateRun(SuiteRunner.java:305)
	at org.testng.SuiteRunner.run(SuiteRunner.java:268)
	at org.testng.SuiteRunnerWorker.runSuite(SuiteRunnerWorker.java:52)
	at org.testng.SuiteRunnerWorker.run(SuiteRunnerWorker.java:86)
	at org.testng.TestNG.runSuitesSequentially(TestNG.java:1244)
	at org.testng.TestNG.runSuitesLocally(TestNG.java:1169)
	at org.testng.TestNG.run(TestNG.java:1064)
	at org.testng.remote.AbstractRemoteTestNG.run(AbstractRemoteTestNG.java:132)
	at org.testng.remote.RemoteTestNG.initAndRun(RemoteTestNG.java:230)
	at org.testng.remote.RemoteTestNG.main(RemoteTestNG.java:76)
]]>
    </failure>
  </testcase> <!-- @BeforeSuite setup -->
  <testcase name="@BeforeTest closeadvwindows" time="0.0" classname="com.rodan.test.RodanLoginPage">
    <skipped/>
  </testcase> <!-- @BeforeTest closeadvwindows -->
  <testcase name="@AfterMethod checkresult" time="0.0" classname="com.rodan.test.RodanLoginPage">
    <skipped/>
  </testcase> <!-- @AfterMethod checkresult -->
  <testcase name="login" time="0.0" classname="com.rodan.test.RodanLoginPage">
    <skipped/>
  </testcase> <!-- login -->
</testsuite> <!-- Default test -->
